  11      ,  16      ,          ,          ,  F       ,          ,
  11      ,  8228    ,          ,          ,  F       ,          ,
  11      ,  17008   ,          ,          ,  M       ,          ,
  11      ,  9218    ,  17008   ,  16      ,  M       ,          ,
  11      ,  3226    ,  9218    ,  8228    ,  F       ,          ,
  21      ,  29      ,          ,          ,  F       ,          ,
  21      ,  2294    ,          ,          ,  M       ,          ,
  21      ,  3416    ,          ,          ,  M       ,          ,
  21      ,  17893   ,  2294    ,  29      ,  F       ,          ,
  21      ,  6952    ,  3416    ,  17893   ,  M       ,          ,
  21      ,  14695   ,  2294    ,  29      ,  F       ,          ,
  21      ,  6790    ,  2294    ,  29      ,  M       ,          ,
  21      ,  3916    ,  2294    ,  29      ,  F       ,          ,
  31      ,  39      ,          ,          ,  F       ,          ,
  31      ,  4521    ,          ,          ,  F       ,          ,
  31      ,  8366    ,          ,          ,  M       ,          ,
  31      ,  16693   ,          ,          ,  F       ,          ,
  31      ,  21688   ,  8366    ,  16693   ,  M       ,          ,
  31      ,  25532   ,  21688   ,  39      ,  F       ,          ,
  31      ,  26294   ,  21688   ,  39      ,  M       ,          ,
  31      ,  16795   ,  21688   ,  39      ,  F       ,          ,
  31      ,  17445   ,  8366    ,  16693   ,  M       ,          ,
  31      ,  2039    ,  17445   ,  4521    ,  M       ,          ,
  31      ,  2831    ,  8366    ,  16693   ,  M       ,          ,
  41      ,  54      ,          ,          ,  F       ,          ,
  41      ,  5072    ,          ,          ,  M       ,          ,
  41      ,  17240   ,  5072    ,  54      ,  F       ,          ,
  51      ,  70      ,          ,          ,  F       ,          ,
  51      ,  24010   ,          ,          ,  M       ,          ,
  51      ,  21999   ,  24010   ,  70      ,  M       ,          ,
  81      ,  109     ,          ,          ,  M       ,          ,
  81      ,  7395    ,          ,          ,  F       ,          ,
  81      ,  19099   ,  109     ,  7395    ,  M       ,          ,
  81      ,  13234   ,  109     ,  7395    ,  F       ,          ,
  81      ,  12043   ,  109     ,  7395    ,  F       ,          ,
  81      ,  5226    ,  109     ,  7395    ,  M       ,          ,
  101     ,  141     ,          ,          ,  F       ,          ,
  101     ,  16886   ,          ,          ,  M       ,          ,
  101     ,  6825    ,  16886   ,  141     ,  F       ,          ,
  101     ,  480     ,  16886   ,  141     ,  F       ,          ,
  111     ,  182     ,          ,          ,  M       ,          ,
  111     ,  4117    ,          ,          ,  F       ,          ,
  111     ,  13854   ,          ,          ,  F       ,          ,
  111     ,  19440   ,          ,          ,  M       ,          ,
  111     ,  20318   ,          ,          ,  F       ,          ,
  111     ,  25910   ,  19440   ,  13854   ,  M       ,          ,
  111     ,  21515   ,  19440   ,  13854   ,  F       ,          ,
  111     ,  11280   ,  182     ,  21515   ,  F       ,          ,
  111     ,  7670    ,  182     ,  21515   ,  M       ,          ,
  111     ,  12003   ,  19440   ,  13854   ,  M       ,          ,
  111     ,  14143   ,  12003   ,  4117    ,  M       ,          ,
  111     ,  15898   ,  14143   ,  20318   ,  M       ,          ,
  111     ,  10579   ,  14143   ,  20318   ,  F       ,          ,
  111     ,  18979   ,  12003   ,  4117    ,  F       ,          ,
  111     ,  6244    ,  14143   ,  20318   ,  F       ,          ,
  141     ,  264     ,          ,          ,  F       ,          ,
  141     ,  16636   ,          ,          ,  M       ,          ,
  141     ,  26732   ,          ,          ,  M       ,          ,
  141     ,  12511   ,  16636   ,  264     ,  F       ,          ,
  141     ,  4078    ,  16636   ,  264     ,  F       ,          ,
  141     ,  25732   ,  26732   ,  4078    ,  M       ,          ,
  171     ,  309     ,          ,          ,  F       ,          ,
  171     ,  6637    ,          ,          ,  M       ,          ,
  171     ,  11879   ,          ,          ,  F       ,          ,
  171     ,  19275   ,          ,          ,  M       ,          ,
  171     ,  22601   ,          ,          ,  M       ,          ,
  171     ,  24818   ,          ,          ,  M       ,          ,
  171     ,  26856   ,          ,          ,  M       ,          ,
  171     ,  26857   ,          ,          ,  M       ,          ,
  171     ,  19113   ,  6637    ,  309     ,  F       ,          ,
  171     ,  19235   ,  22601   ,  19113   ,  F       ,          ,
  171     ,  6932    ,  22601   ,  19113   ,  M       ,          ,
  171     ,  11361   ,  22601   ,  19113   ,  F       ,          ,
  171     ,  12004   ,  6637    ,  309     ,  F       ,          ,
  171     ,  18645   ,  26856   ,  12004   ,  M       ,          ,
  171     ,  22301   ,  26857   ,  12004   ,  M       ,          ,
  171     ,  7098    ,  6637    ,  309     ,  M       ,          ,
  171     ,  12785   ,  7098    ,  11879   ,  M       ,          ,
  171     ,  19176   ,  7098    ,  11879   ,  F       ,          ,
  171     ,  10418   ,  7098    ,  11879   ,  M       ,          ,
  171     ,  16612   ,  7098    ,  11879   ,  M       ,          ,
  171     ,  908     ,  7098    ,  11879   ,  M       ,          ,
  171     ,  1649    ,  24818   ,  309     ,  F       ,          ,
  171     ,  20334   ,  19275   ,  1649    ,  M       ,          ,
  191     ,  352     ,          ,          ,  F       ,          ,
  191     ,  720     ,          ,          ,  M       ,          ,
  191     ,  16617   ,          ,          ,  F       ,          ,
  191     ,  18679   ,          ,          ,  F       ,          ,
  191     ,  25222   ,          ,          ,  M       ,          ,
  191     ,  26591   ,  720     ,  352     ,  F       ,          ,
  191     ,  1706    ,  25222   ,  26591   ,  M       ,          ,
  191     ,  13367   ,  25222   ,  26591   ,  F       ,          ,
  191     ,  19856   ,  720     ,  352     ,  M       ,          ,
  191     ,  3593    ,  720     ,  352     ,  M       ,          ,
  191     ,  8344    ,  3593    ,  18679   ,  F       ,          ,
  191     ,  23699   ,  3593    ,  18679   ,  M       ,          ,
  191     ,  2500    ,  3593    ,  18679   ,  F       ,          ,
  191     ,  9513    ,  3593    ,  18679   ,  M       ,          ,
  191     ,  2145    ,  720     ,  352     ,  M       ,          ,
  191     ,  14432   ,  2145    ,  16617   ,  M       ,          ,
  191     ,  22375   ,  2145    ,  16617   ,  M       ,          ,
  191     ,  10272   ,  2145    ,  16617   ,  M       ,          ,
  221     ,  384     ,          ,          ,  F       ,          ,
  221     ,  2381    ,          ,          ,  M       ,          ,
  221     ,  6894    ,          ,          ,  M       ,          ,
  221     ,  14412   ,          ,          ,  F       ,          ,
  221     ,  22190   ,          ,          ,  F       ,          ,
  221     ,  24468   ,  2381    ,  384     ,  M       ,          ,
  221     ,  23690   ,  6894    ,  14412   ,  F       ,          ,
  221     ,  6208    ,  6894    ,  14412   ,  F       ,          ,
  221     ,  18921   ,  24468   ,  6208    ,  F       ,          ,
  221     ,  10130   ,  24468   ,  6208    ,  M       ,          ,
  231     ,  392     ,          ,          ,  M       ,          ,
  231     ,  743     ,          ,          ,  F       ,          ,
  231     ,  7079    ,          ,          ,  F       ,          ,
  231     ,  25566   ,          ,          ,  F       ,          ,
  231     ,  25997   ,          ,          ,  M       ,          ,
  231     ,  26274   ,  392     ,  743     ,  F       ,          ,
  231     ,  18694   ,  25997   ,  26274   ,  M       ,          ,
  231     ,  5586    ,  25997   ,  26274   ,  F       ,          ,
  231     ,  25256   ,  392     ,  743     ,  M       ,          ,
  231     ,  19279   ,  392     ,  743     ,  M       ,          ,
  231     ,  3760    ,  392     ,  743     ,  M       ,          ,
  231     ,  17654   ,  3760    ,  7079    ,  M       ,          ,
  231     ,  25271   ,  3760    ,  7079    ,  F       ,          ,
  231     ,  22743   ,  3760    ,  7079    ,  F       ,          ,
  231     ,  3121    ,  392     ,  743     ,  M       ,          ,
  231     ,  9943    ,  3121    ,  25566   ,  F       ,          ,
  231     ,  18496   ,  3121    ,  25566   ,  F       ,          ,
  231     ,  283     ,  392     ,  743     ,  F       ,          ,
  241     ,  394     ,          ,          ,  F       ,          ,
  241     ,  22156   ,          ,          ,  M       ,          ,
  241     ,  19621   ,          ,          ,  F       ,          ,
  241     ,  13575   ,  22156   ,  394     ,  M       ,          ,
  241     ,  10817   ,  13575   ,  19621   ,  F       ,          ,
  241     ,  15061   ,  13575   ,  19621   ,  M       ,          ,
  241     ,  1018    ,  22156   ,  394     ,  F       ,          ,
  251     ,  398     ,          ,          ,  F       ,          ,
  251     ,  3016    ,          ,          ,  M       ,          ,
  251     ,  22041   ,          ,          ,  M       ,          ,
  251     ,  23404   ,          ,          ,  M       ,          ,
  251     ,  22711   ,  3016    ,  398     ,  F       ,          ,
  251     ,  3012    ,  22041   ,  22711   ,  F       ,          ,
  251     ,  15940   ,  22041   ,  22711   ,  M       ,          ,
  251     ,  5229    ,  22041   ,  22711   ,  F       ,          ,
  251     ,  5299    ,  3016    ,  398     ,  F       ,          ,
  251     ,  11822   ,  23404   ,  5299    ,  M       ,          ,
  251     ,  24192   ,  23404   ,  5299    ,  M       ,          ,
  251     ,  1269    ,  23404   ,  5299    ,  M       ,          ,
  251     ,  3094    ,  3016    ,  398     ,  M       ,          ,
  271     ,  437     ,          ,          ,  F       ,          ,
  271     ,  10069   ,          ,          ,  M       ,          ,
  271     ,  11621   ,          ,          ,  F       ,          ,
  271     ,  14123   ,          ,          ,  F       ,          ,
  271     ,  23649   ,  10069   ,  437     ,  M       ,          ,
  271     ,  17951   ,  23649   ,  11621   ,  M       ,          ,
  271     ,  17917   ,  17951   ,  14123   ,  F       ,          ,
  281     ,  443     ,          ,          ,  F       ,          ,
  281     ,  9782    ,          ,          ,  M       ,          ,
  281     ,  21962   ,  9782    ,  443     ,  M       ,          ,
  281     ,  15617   ,  9782    ,  443     ,  M       ,          ,
  291     ,  444     ,          ,          ,  F       ,          ,
  291     ,  14219   ,          ,          ,  M       ,          ,
  291     ,  18775   ,          ,          ,  M       ,          ,
  291     ,  548     ,  14219   ,  444     ,  F       ,          ,
  291     ,  5986    ,  18775   ,  548     ,  M       ,          ,
  291     ,  2154    ,  18775   ,  548     ,  M       ,          ,
  291     ,  14640   ,  18775   ,  548     ,  F       ,          ,
  311     ,  5777    ,          ,          ,  F       ,          ,
  311     ,  6885    ,          ,          ,  F       ,          ,
  311     ,  9381    ,          ,          ,  M       ,          ,
  311     ,  13772   ,          ,          ,  F       ,          ,
  311     ,  14586   ,          ,          ,  F       ,          ,
  311     ,  17673   ,          ,          ,  M       ,          ,
  311     ,  23058   ,          ,          ,  M       ,          ,
  311     ,  24094   ,          ,          ,  M       ,          ,
  311     ,  24938   ,          ,          ,  M       ,          ,
  311     ,  26817   ,          ,          ,  M       ,          ,
  311     ,  27016   ,          ,          ,  M       ,          ,
  311     ,  27017   ,          ,          ,  M       ,          ,
  311     ,  19392   ,  26817   ,  13772   ,  F       ,          ,
  311     ,  10472   ,  24094   ,  6885    ,  F       ,          ,
  311     ,  21403   ,  27016   ,  10472   ,  F       ,          ,
  311     ,  12608   ,  27017   ,  10472   ,  F       ,          ,
  311     ,  13725   ,  23058   ,  12608   ,  F       ,          ,
  311     ,  24385   ,  23058   ,  12608   ,  M       ,          ,
  311     ,  1365    ,  23058   ,  12608   ,  F       ,          ,
  311     ,  10372   ,  24094   ,  6885    ,  F       ,          ,
  311     ,  15884   ,  9381    ,  10372   ,  F       ,          ,
  311     ,  152     ,  24938   ,  15884   ,  F       ,          ,
  311     ,  14705   ,  9381    ,  10372   ,  M       ,          ,
  311     ,  15802   ,  14705   ,  5777    ,  M       ,          ,
  311     ,  19770   ,  9381    ,  10372   ,  F       ,          ,
  311     ,  26007   ,  17673   ,  19770   ,  M       ,          ,
  311     ,  24905   ,  17673   ,  19770   ,  M       ,          ,
  311     ,  16785   ,  24905   ,  14586   ,  M       ,          ,
  311     ,  4512    ,  17673   ,  19770   ,  F       ,          ,
  311     ,  18037   ,  17673   ,  19770   ,  F       ,          ,
  311     ,  4257    ,  9381    ,  10372   ,  M       ,          ,
  311     ,  19358   ,  4257    ,  13772   ,  M       ,          ,
  311     ,  9277    ,  4257    ,  13772   ,  M       ,          ,
  311     ,  16139   ,  4257    ,  13772   ,  M       ,          ,
  311     ,  10439   ,  4257    ,  13772   ,  M       ,          ,
  311     ,  63      ,  17673   ,  19770   ,  F       ,          ,
  100061  ,  66      ,          ,          ,  M       ,          ,
  100081  ,  92      ,          ,          ,  M       ,          ,
  100141  ,  186     ,          ,          ,  M       ,          ,
  100271  ,  374     ,          ,          ,  M       ,          ,
  100291  ,  434     ,          ,          ,  M       ,          ,
  100331  ,  333     ,          ,          ,  M       ,          ,
  100401  ,  234     ,          ,          ,  M       ,          ,
  100451  ,  789     ,          ,          ,  M       ,          ,
