Locus, Choromosome, SomeWeirdCol, Allele1, Allele2
rs3020701       , 1,                ,1   ,2   
rs56343121      , 2,                ,1   ,2   
rs143501051     , 3,                ,1   ,2   
rs56182540      , 4,                ,1   ,2   
rs7260412       , 5,                ,1   ,2   
rs11669393      , 6,                ,1   ,2   
rs181646587     , 7,                ,1   ,2   
rs8106297       , 8,                ,1   ,2   
rs8106302       , 9,                ,1   ,2   
rs183568620     ,10,                ,1   ,2   
rs186451972     ,11,                ,1   ,2   
rs189699222     ,12,                ,1   ,2   
rs182902214     ,13,                ,1   ,2   
rs192965167     ,14,                ,1   ,2   
rs146847336     ,15,                ,1   ,2   
rs184527030     ,16,                ,1   ,2   
rs187789830     ,17,                ,1   ,2   
rs10409990      ,18,                ,1   ,2   
rs10421190      ,19,                ,1   ,2   
rs181572300     ,20,                ,1   ,2   
rs185166611     ,21,                ,1   ,2   
rs188893461     ,22,                ,1   ,2   
rs181637538     ,23,                ,1   ,2   
rs191110432     ,24,                ,1   ,2   
rs186213888     ,25,                ,1   ,2   
rs76534612      ,26,                ,1   ,2   
rs182935107     ,27,                ,1   ,2   
rs62103021      ,28,                ,1   ,2   
rs9749321       ,29,                ,1   ,2   
rs184010370     ,30,                ,1   ,2   
rs143825578     ,31,                ,1   ,2   
rs1975526       ,32,                ,1   ,2   
rs150203985     ,33,                ,1   ,2   
rs62103026      ,34,                ,1   ,2   
rs62103027      ,35,                ,1   ,2   
rs67286684      ,36,                ,1   ,2   
rs59441037      ,37,                ,1   ,2   
rs57114567      ,38,                ,1   ,2   
rs11667161      ,39,                ,1   ,2   
rs191958038     ,40,                ,1   ,2   
rs188819713     ,41,                ,1   ,2   
rs8101112       ,42,                ,1   ,2   
rs192602556     ,43,                ,1   ,2   
rs182378235     ,44,                ,1   ,2   
rs8111890       ,45,                ,1   ,2   
rs4068295       ,46,                ,1   ,2   
rs56025600      ,47,                ,1   ,2   
rs4046256       ,48,                ,1   ,2   
rs78816921      ,49,                ,1   ,2   
rs146361744     ,50,                ,1   ,2   
rs148954319     ,51,                ,1   ,2   
rs62103043      ,52,                ,1   ,2   
rs7247199       ,53,                ,1   ,2   
rs3929173       ,54,                ,1   ,2   
rs1975527       ,55,                ,1   ,2   
rs1975528       ,56,                ,1   ,2   
rs3861552       ,57,                ,1   ,2   
rs4897929       ,58,                ,1   ,2   
rs190575937     ,59,                ,1   ,2   
rs1838706       ,60,                ,1   ,2   
rs1838707       ,61,                ,1   ,2   
rs1838708       ,62,                ,1   ,2   
rs1838709       ,63,                ,1   ,2   
rs2312103       ,64,                ,1   ,2   
rs150666353     ,65,                ,1   ,2   
rs9304891       ,66,                ,1   ,2   
rs10415249      ,67,                ,1   ,2   
rs62103045      ,68,                ,1   ,2   
rs10420814      ,69,                ,1   ,2   
rs10420821      ,70,                ,1   ,2   
rs8102643       ,71,                ,1   ,2   
rs149949827     ,72,                ,1   ,2   
rs8100217       ,73,                ,1   ,2   
rs2312104       ,74,                ,1   ,2   
rs2100030       ,75,                ,1   ,2   
rs2100031       ,76,                ,1   ,2   
rs9797819       ,77,                ,1   ,2   
rs74182499      ,78,                ,1   ,2   
rs9304892       ,79,                ,1   ,2   
rs78534646      ,80,                ,1   ,2   
rs4505454       ,81,                ,1   ,2   
rs8105941       ,82,                ,1   ,2   
rs8100066       ,83,                ,1   ,2   
rs8102615       ,84,                ,1   ,2   
rs8111191       ,85,                ,1   ,2   
rs8105536       ,86,                ,1   ,2   
rs8103376       ,87,                ,1   ,2   
rs8103515       ,88,                ,1   ,2   
rs8106295       ,89,                ,1   ,2   
rs182791801     ,90,                ,1   ,2   
rs8100934       ,91,                ,1   ,2   
rs72982331      ,92,                ,1   ,2   
rs4897932       ,93,                ,1   ,2   
rs139045143     ,94,                ,1   ,2   
rs6510641       ,95,                ,1   ,2   
rs11666758      ,96,                ,1   ,2   
rs13343391      ,97,                ,1   ,2   
rs117671630     ,98,                ,1   ,2   
rs2872115       ,99,                ,1   ,2   
rs2312723       ,100,                ,1   ,2   
rs6510643       ,101,                ,1   ,2   
rs6510644       ,102,                ,1   ,2   
rs2312724       ,103,                ,1   ,2   
rs8106462       ,104,                ,1   ,2   
rs149171388     ,105,                ,1   ,2   
rs1020382       ,106,                ,1   ,2   
rs11668555      ,107,                ,1   ,2   
rs1020383       ,108,                ,1   ,2   
rs17603472      ,109,                ,1   ,2   
rs138682465     ,110,                ,1   ,2   
rs188520640     ,111,                ,1   ,2   
rs185472992     ,112,                ,1   ,2   
rs10410038      ,113,                ,1   ,2   
rs62103048      ,114,                ,1   ,2   
rs10410047      ,115,                ,1   ,2   
rs72982337      ,116,                ,1   ,2   
rs143163260     ,117,                ,1   ,2   
rs75676091      ,118,                ,1   ,2   
rs142722885     ,119,                ,1   ,2   
rs12151115      ,120,                ,1   ,2   
rs62103049      ,121,                ,1   ,2   
rs10412645      ,122,                ,1   ,2   
rs3764659       ,123,                ,1   ,2   
rs116851916     ,124,                ,1   ,2   
rs146938393     ,125,                ,1   ,2   
rs12459906      ,126,                ,1   ,2   
rs117355941     ,127,                ,1   ,2   
rs11881657      ,128,                ,1   ,2   
rs11881658      ,129,                ,1   ,2   
rs11084928      ,130,                ,1   ,2   
rs146791060     ,131,                ,1   ,2   
rs184561383     ,132,                ,1   ,2   
rs12973065      ,133,                ,1   ,2   
rs183052849     ,134,                ,1   ,2   
rs11881632      ,135,                ,1   ,2   
rs11878315      ,136,                ,1   ,2   
rs73496477      ,137,                ,1   ,2   
rs77504545      ,138,                ,1   ,2   
rs7815          ,139,                ,1   ,2   
rs146379924     ,140,                ,1   ,2   
rs10504         ,141,                ,1   ,2   
rs34708574      ,142,                ,1   ,2   
rs113201138     ,143,                ,1   ,2   
rs141291870     ,144,                ,1   ,2   
rs1138439       ,145,                ,1   ,2   
rs62103050      ,146,                ,1   ,2   
rs80015295      ,147,                ,1   ,2   
rs112527004     ,148,                ,1   ,2   
rs187099615     ,149,                ,1   ,2   
rs56022735      ,150,                ,1   ,2   
rs118001495     ,151,                ,1   ,2   
rs138346211     ,152,                ,1   ,2   
rs56219430      ,153,                ,1   ,2   
rs112226691     ,154,                ,1   ,2   
rs142356366     ,155,                ,1   ,2   
rs4258738       ,156,                ,1   ,2   
rs79667887      ,157,                ,1   ,2   
rs140893876     ,158,                ,1   ,2   
rs12975007      ,159,                ,1   ,2   
rs72982364      ,160,                ,1   ,2   
rs185214238     ,161,                ,1   ,2   
rs61745392      ,162,                ,1   ,2   
rs145238946     ,163,                ,1   ,2   
rs185483453     ,164,                ,1   ,2   
rs11542542      ,165,                ,1   ,2   
rs10409452      ,166,                ,1   ,2   
rs12976715      ,167,                ,1   ,2   
rs12981067      ,168,                ,1   ,2   
rs76982856      ,169,                ,1   ,2   
rs140887190     ,170,                ,1   ,2   
rs12982096      ,171,                ,1   ,2   
rs10410591      ,172,                ,1   ,2   
rs148132913     ,173,                ,1   ,2   
rs74962951      ,174,                ,1   ,2   
rs35445548      ,175,                ,1   ,2   
rs75634604      ,176,                ,1   ,2   
rs12974219      ,177,                ,1   ,2   
rs113976206     ,178,                ,1   ,2   
rs12985425      ,179,                ,1   ,2   
rs28453035      ,180,                ,1   ,2   
rs28708393      ,181,                ,1   ,2   
rs28534823      ,182,                ,1   ,2   
rs28573771      ,183,                ,1   ,2   
rs28664168      ,184,                ,1   ,2   
rs12977857      ,185,                ,1   ,2   
rs118098755     ,186,                ,1   ,2   
rs10420072      ,187,                ,1   ,2   
rs140927662     ,188,                ,1   ,2   
rs12979151      ,189,                ,1   ,2   
rs8102122       ,190,                ,1   ,2   
rs116026115     ,191,                ,1   ,2   
rs114825402     ,192,                ,1   ,2   
rs8111051       ,193,                ,1   ,2   
rs116891859     ,194,                ,1   ,2   
rs187967956     ,195,                ,1   ,2   
rs149179498     ,196,                ,1   ,2   
rs3813154       ,197,                ,1   ,2   
rs10409897      ,198,                ,1   ,2   
rs895345        ,199,                ,1   ,2   
rs895344        ,200,                ,1   ,2   
rs895343        ,201,                ,1   ,2   
rs113701512     ,202,                ,1   ,2   
rs12986214      ,203,                ,1   ,2   
rs144134773     ,204,                ,1   ,2   
rs1077444       ,205,                ,1   ,2   
rs1077445       ,206,                ,1   ,2   
rs1077446       ,207,                ,1   ,2   
rs1106581       ,208,                ,1   ,2   
rs139791863     ,209,                ,1   ,2   
rs79264761      ,210,                ,1   ,2   
rs12971779      ,211,                ,1   ,2   
rs77790410      ,212,                ,1   ,2   
rs143273010     ,213,                ,1   ,2   
rs1108414       ,214,                ,1   ,2   
rs116541991     ,215,                ,1   ,2   
rs747820        ,216,                ,1   ,2   
rs895342        ,217,                ,1   ,2   
rs895341        ,218,                ,1   ,2   
rs734885        ,219,                ,1   ,2   
rs8101944       ,220,                ,1   ,2   
rs118017899     ,221,                ,1   ,2   
rs72982388      ,222,                ,1   ,2   
rs72982390      ,223,                ,1   ,2   
rs35892447      ,224,                ,1   ,2   
rs34933674      ,225,                ,1   ,2   
rs4898159       ,226,                ,1   ,2   
rs117442914     ,227,                ,1   ,2   
rs72982393      ,228,                ,1   ,2   
rs191191220     ,229,                ,1   ,2   
rs10418525      ,230,                ,1   ,2   
rs114187424     ,231,                ,1   ,2   
rs8112322       ,232,                ,1   ,2   
rs184887689     ,233,                ,1   ,2   
rs117831437     ,234,                ,1   ,2   
rs58971616      ,235,                ,1   ,2   
rs12463256      ,236,                ,1   ,2   
rs186356170     ,237,                ,1   ,2   
rs4897847       ,238,                ,1   ,2   
rs4897937       ,239,                ,1   ,2   
rs4897848       ,240,                ,1   ,2   
rs4897938       ,241,                ,1   ,2   
rs10432301      ,242,                ,1   ,2   
rs4898158       ,243,                ,1   ,2   
rs35555297      ,244,                ,1   ,2   
rs34760170      ,245,                ,1   ,2   
rs36125928      ,246,                ,1   ,2   
rs145997115     ,247,                ,1   ,2   
rs56379692      ,248,                ,1   ,2   
rs55884082      ,249,                ,1   ,2   
rs55901038      ,250,                ,1   ,2   
rs112684376     ,251,                ,1   ,2   
rs10402079      ,252,                ,1   ,2   
rs60329036      ,253,                ,1   ,2   
rs112500287     ,254,                ,1   ,2   
rs77042663      ,255,                ,1   ,2   
rs7253913       ,256,                ,1   ,2   
rs7253919       ,257,                ,1   ,2   
rs79924586      ,258,                ,1   ,2   
rs10410483      ,259,                ,1   ,2   
rs4897939       ,260,                ,1   ,2   
rs4897940       ,261,                ,1   ,2   
rs4897941       ,262,                ,1   ,2   
rs148058852     ,263,                ,1   ,2   
rs4897942       ,264,                ,1   ,2   
rs58028278      ,265,                ,1   ,2   
rs67794573      ,266,                ,1   ,2   
rs28514922      ,267,                ,1   ,2   
rs28435550      ,268,                ,1   ,2   
rs142756940     ,269,                ,1   ,2   
rs117465920     ,270,                ,1   ,2   
rs76159277      ,271,                ,1   ,2   
rs4897943       ,272,                ,1   ,2   
rs10412624      ,273,                ,1   ,2   
rs72982400      ,274,                ,1   ,2   
rs10408007      ,275,                ,1   ,2   
rs144468958     ,276,                ,1   ,2   
rs145787311     ,277,                ,1   ,2   
rs115921397     ,278,                ,1   ,2   
rs118023330     ,279,                ,1   ,2   
rs10421358      ,280,                ,1   ,2   
rs187930758     ,281,                ,1   ,2   
rs72982402      ,282,                ,1   ,2   
rs34129568      ,283,                ,1   ,2   
rs148132163     ,284,                ,1   ,2   
rs117616171     ,285,                ,1   ,2   
rs77028848      ,286,                ,1   ,2   
rs115623921     ,287,                ,1   ,2   
rs139315873     ,288,                ,1   ,2   
rs72984404      ,289,                ,1   ,2   
rs183747969     ,290,                ,1   ,2   
rs72984405      ,291,                ,1   ,2   
rs58838051      ,292,                ,1   ,2   
rs35692286      ,293,                ,1   ,2   
rs34072792      ,294,                ,1   ,2   
rs115246114     ,295,                ,1   ,2   
rs111862515     ,296,                ,1   ,2   
rs112795990     ,297,                ,1   ,2   
rs9749212       ,298,                ,1   ,2   
rs72984410      ,299,                ,1   ,2   
rs72984411      ,300,                ,1   ,2   
rs72984413      ,301,                ,1   ,2   
rs72984416      ,302,                ,1   ,2   
rs72984418      ,303,                ,1   ,2   
rs72984420      ,304,                ,1   ,2   
rs8111494       ,305,                ,1   ,2   
rs12104341      ,306,                ,1   ,2   
rs12104342      ,307,                ,1   ,2   
rs78258197      ,308,                ,1   ,2   
rs182531568     ,309,                ,1   ,2   
rs185399192     ,310,                ,1   ,2   
rs12104344      ,311,                ,1   ,2   
rs8100665       ,312,                ,1   ,2   
rs187979718     ,313,                ,1   ,2   
rs113446432     ,314,                ,1   ,2   
rs140281396     ,315,                ,1   ,2   
rs10404083      ,316,                ,1   ,2   
rs72984427      ,317,                ,1   ,2   
rs111820777     ,318,                ,1   ,2   
rs117010939     ,319,                ,1   ,2   
rs8104600       ,320,                ,1   ,2   
rs60667274      ,321,                ,1   ,2   
rs147239603     ,322,                ,1   ,2   
rs61710650      ,323,                ,1   ,2   
rs57027105      ,324,                ,1   ,2   
rs57360893      ,325,                ,1   ,2   
rs60199290      ,326,                ,1   ,2   
rs58749922      ,327,                ,1   ,2   
rs10412001      ,328,                ,1   ,2   
rs111374101     ,329,                ,1   ,2   
rs72984430      ,330,                ,1   ,2   
rs149676148     ,331,                ,1   ,2   
rs78169328      ,332,                ,1   ,2   
rs72984433      ,333,                ,1   ,2   
rs72984434      ,334,                ,1   ,2   
rs7253294       ,335,                ,1   ,2   
rs72984437      ,336,                ,1   ,2   
rs72984438      ,337,                ,1   ,2   
rs141089586     ,338,                ,1   ,2   
rs72984441      ,339,                ,1   ,2   
rs191182914     ,340,                ,1   ,2   
rs113990004     ,341,                ,1   ,2   
rs144025841     ,342,                ,1   ,2   
rs112626059     ,343,                ,1   ,2   
rs181602862     ,344,                ,1   ,2   
rs184789585     ,345,                ,1   ,2   
rs190090414     ,346,                ,1   ,2   
rs11665790      ,347,                ,1   ,2   
rs72984443      ,348,                ,1   ,2   
rs145311695     ,349,                ,1   ,2   
rs7246500       ,350,                ,1   ,2   
rs72984446      ,351,                ,1   ,2   
rs72984447      ,352,                ,1   ,2   
rs7256434       ,353,                ,1   ,2   
rs112519633     ,354,                ,1   ,2   
rs117919969     ,355,                ,1   ,2   
rs115661680     ,356,                ,1   ,2   
rs58456632      ,357,                ,1   ,2   
rs147034800     ,358,                ,1   ,2   
rs8108171       ,359,                ,1   ,2   
rs58922652      ,360,                ,1   ,2   
rs34573407      ,361,                ,1   ,2   
rs182200776     ,362,                ,1   ,2   
rs8100283       ,363,                ,1   ,2   
rs8110810       ,364,                ,1   ,2   
rs192369809     ,365,                ,1   ,2   
rs62103701      ,366,                ,1   ,2   
rs60551457      ,367,                ,1   ,2   
rs8100510       ,368,                ,1   ,2   
rs57568301      ,369,                ,1   ,2   
rs57815234      ,370,                ,1   ,2   
rs7250095       ,371,                ,1   ,2   
rs7258924       ,372,                ,1   ,2   
rs72984452      ,373,                ,1   ,2   
rs72984453      ,374,                ,1   ,2   
rs72984455      ,375,                ,1   ,2   
rs112759227     ,376,                ,1   ,2   
rs189317815     ,377,                ,1   ,2   
rs72984457      ,378,                ,1   ,2   
rs72984459      ,379,                ,1   ,2   
rs12985853      ,380,                ,1   ,2   
rs72984461      ,381,                ,1   ,2   
rs4897945       ,382,                ,1   ,2   
rs4897946       ,383,                ,1   ,2   
rs117278056     ,384,                ,1   ,2   
rs4897849       ,385,                ,1   ,2   
rs57182120      ,386,                ,1   ,2   
rs191315235     ,387,                ,1   ,2   
rs72984464      ,388,                ,1   ,2   
rs118128818     ,389,                ,1   ,2   
rs140216224     ,390,                ,1   ,2   
rs190520249     ,391,                ,1   ,2   
rs11881923      ,392,                ,1   ,2   
rs72984468      ,393,                ,1   ,2   
rs117038033     ,394,                ,1   ,2   
rs117357201     ,395,                ,1   ,2   
rs59449878      ,396,                ,1   ,2   
rs72984470      ,397,                ,1   ,2   
rs72984471      ,398,                ,1   ,2   
rs72984474      ,399,                ,1   ,2   
rs72984476      ,400,                ,1   ,2   
rs72984480      ,401,                ,1   ,2   
rs1971179       ,402,                ,1   ,2   
rs1971178       ,403,                ,1   ,2   
rs137994015     ,404,                ,1   ,2   
rs142665817     ,405,                ,1   ,2   
rs143162592     ,406,                ,1   ,2   
rs72984481      ,407,                ,1   ,2   
rs141174269     ,408,                ,1   ,2   
rs12462719      ,409,                ,1   ,2   
rs139592058     ,410,                ,1   ,2   
rs34179183      ,411,                ,1   ,2   
rs185563911     ,412,                ,1   ,2   
rs113167058     ,413,                ,1   ,2   
rs117331325     ,414,                ,1   ,2   
rs181043535     ,415,                ,1   ,2   
rs117666121     ,416,                ,1   ,2   
rs142291318     ,417,                ,1   ,2   
rs144243562     ,418,                ,1   ,2   
rs146488494     ,419,                ,1   ,2   
rs141052840     ,420,                ,1   ,2   
rs190374307     ,421,                ,1   ,2   
rs150139098     ,422,                ,1   ,2   
rs4897948       ,423,                ,1   ,2   
rs143536106     ,424,                ,1   ,2   
rs192078966     ,425,                ,1   ,2   
rs138720852     ,426,                ,1   ,2   
rs9630891       ,427,                ,1   ,2   
rs12462494      ,428,                ,1   ,2   
rs12165119      ,429,                ,1   ,2   
rs9304896       ,430,                ,1   ,2   
rs146590395     ,431,                ,1   ,2   
rs72984491      ,432,                ,1   ,2   
rs12459669      ,433,                ,1   ,2   
rs193147042     ,434,                ,1   ,2   
rs185708275     ,435,                ,1   ,2   
rs10414938      ,436,                ,1   ,2   
rs62103704      ,437,                ,1   ,2   
rs117979700     ,438,                ,1   ,2   
rs72984498      ,439,                ,1   ,2   
rs62103705      ,440,                ,1   ,2   
rs73916894      ,441,                ,1   ,2   
rs58761889      ,442,                ,1   ,2   
rs61018085      ,443,                ,1   ,2   
rs61389123      ,444,                ,1   ,2   
rs60918406      ,445,                ,1   ,2   
rs146054575     ,446,                ,1   ,2   
rs11882511      ,447,                ,1   ,2   
rs4897949       ,448,                ,1   ,2   
rs55970301      ,449,                ,1   ,2   
rs115288588     ,450,                ,1   ,2   
rs7256086       ,451,                ,1   ,2   
rs150312475     ,452,                ,1   ,2   
rs7250846       ,453,                ,1   ,2   
rs731804        ,454,                ,1   ,2   
rs7257040       ,455,                ,1   ,2   
rs2305113       ,456,                ,1   ,2   
rs57488274      ,457,                ,1   ,2   
rs55891703      ,458,                ,1   ,2   
rs4897950       ,459,                ,1   ,2   
rs139296555     ,460,                ,1   ,2   
rs7246089       ,461,                ,1   ,2   
rs34444016      ,462,                ,1   ,2   
rs12972250      ,463,                ,1   ,2   
rs115504326     ,464,                ,1   ,2   
rs57948121      ,465,                ,1   ,2   
rs10420041      ,466,                ,1   ,2   
rs4897951       ,467,                ,1   ,2   
rs186625162     ,468,                ,1   ,2   
rs72986411      ,469,                ,1   ,2   
rs7253509       ,470,                ,1   ,2   
rs7260345       ,471,                ,1   ,2   
rs111696371     ,472,                ,1   ,2   
rs57828936      ,473,                ,1   ,2   
rs186472252     ,474,                ,1   ,2   
rs61131955      ,475,                ,1   ,2   
rs189044578     ,476,                ,1   ,2   
rs180996987     ,477,                ,1   ,2   
rs140925771     ,478,                ,1   ,2   
rs10426432      ,479,                ,1   ,2   
rs11084956      ,480,                ,1   ,2   
rs190518420     ,481,                ,1   ,2   
rs72986417      ,482,                ,1   ,2   
rs182987222     ,483,                ,1   ,2   
rs11883060      ,484,                ,1   ,2   
rs193000076     ,485,                ,1   ,2   
rs895346        ,486,                ,1   ,2   
rs138249510     ,487,                ,1   ,2   
rs921015        ,488,                ,1   ,2   
rs114338681     ,489,                ,1   ,2   
rs3816322       ,490,                ,1   ,2   
rs35953308      ,491,                ,1   ,2   
rs11879189      ,492,                ,1   ,2   
rs11880770      ,493,                ,1   ,2   
rs72986421      ,494,                ,1   ,2   
rs113142147     ,495,                ,1   ,2   
rs8182545       ,496,                ,1   ,2   
rs8182490       ,497,                ,1   ,2   
rs189560805     ,498,                ,1   ,2   
rs7251926       ,499,                ,1   ,2   
rs7246029       ,500,                ,1   ,2   
rs78208421      ,501,                ,1   ,2   
rs4897952       ,502,                ,1   ,2   
rs149008171     ,503,                ,1   ,2   
rs4897953       ,504,                ,1   ,2   
rs10409329      ,505,                ,1   ,2   
rs113379819     ,506,                ,1   ,2   
rs181628355     ,507,                ,1   ,2   
rs72986429      ,508,                ,1   ,2   
rs10416141      ,509,                ,1   ,2   
rs2121143       ,510,                ,1   ,2   
rs2084111       ,511,                ,1   ,2   
rs192081904     ,512,                ,1   ,2   
rs2084112       ,513,                ,1   ,2   
rs146044941     ,514,                ,1   ,2   
rs878685        ,515,                ,1   ,2   
rs878686        ,516,                ,1   ,2   
rs117209502     ,517,                ,1   ,2   
rs118070482     ,518,                ,1   ,2   
rs895347        ,519,                ,1   ,2   
rs139380406     ,520,                ,1   ,2   
rs117274748     ,521,                ,1   ,2   
rs146392138     ,522,                ,1   ,2   
rs882572        ,523,                ,1   ,2   
rs8112033       ,524,                ,1   ,2   
rs8100798       ,525,                ,1   ,2   
rs12462670      ,526,                ,1   ,2   
rs57802554      ,527,                ,1   ,2   
rs60721162      ,528,                ,1   ,2   
rs8101526       ,529,                ,1   ,2   
rs8101528       ,530,                ,1   ,2   
rs112332352     ,531,                ,1   ,2   
rs72986440      ,532,                ,1   ,2   
rs4549009       ,533,                ,1   ,2   
rs72986442      ,534,                ,1   ,2   
rs77249113      ,535,                ,1   ,2   
rs2166359       ,536,                ,1   ,2   
rs147878597     ,537,                ,1   ,2   
rs79196409      ,538,                ,1   ,2   
rs4897853       ,539,                ,1   ,2   
rs35911837      ,540,                ,1   ,2   
rs181813512     ,541,                ,1   ,2   
rs118100090     ,542,                ,1   ,2   
rs117872315     ,543,                ,1   ,2   
rs147299144     ,544,                ,1   ,2   
rs117591806     ,545,                ,1   ,2   
rs56365048      ,546,                ,1   ,2   
rs11084976      ,547,                ,1   ,2   
rs111470322     ,548,                ,1   ,2   
rs148582215     ,549,                ,1   ,2   
rs143652011     ,550,                ,1   ,2   
rs140367263     ,551,                ,1   ,2   
rs7255195       ,552,                ,1   ,2   
rs138105226     ,553,                ,1   ,2   
rs193082600     ,554,                ,1   ,2   
rs6510724       ,555,                ,1   ,2   
rs6510725       ,556,                ,1   ,2   
rs12609809      ,557,                ,1   ,2   
rs12611022      ,558,                ,1   ,2   
rs62103740      ,559,                ,1   ,2   
rs8101631       ,560,                ,1   ,2   
rs186469072     ,561,                ,1   ,2   
rs62103741      ,562,                ,1   ,2   
rs8101753       ,563,                ,1   ,2   
rs62103742      ,564,                ,1   ,2   
rs8113440       ,565,                ,1   ,2   
rs146825374     ,566,                ,1   ,2   
rs8105171       ,567,                ,1   ,2   
rs8105194       ,568,                ,1   ,2   
rs8102686       ,569,                ,1   ,2   
rs138638007     ,570,                ,1   ,2   
rs140170899     ,571,                ,1   ,2   
rs147857249     ,572,                ,1   ,2   
rs191342235     ,573,                ,1   ,2   
rs55878052      ,574,                ,1   ,2   
rs139752922     ,575,                ,1   ,2   
rs118038261     ,576,                ,1   ,2   
rs118145995     ,577,                ,1   ,2   
rs111925032     ,578,                ,1   ,2   
rs190954679     ,579,                ,1   ,2   
rs78947599      ,580,                ,1   ,2   
rs79550363      ,581,                ,1   ,2   
rs2044406       ,582,                ,1   ,2   
rs138916067     ,583,                ,1   ,2   
rs78018614      ,584,                ,1   ,2   
rs34965934      ,585,                ,1   ,2   
rs2044407       ,586,                ,1   ,2   
rs76635514      ,587,                ,1   ,2   
rs145916974     ,588,                ,1   ,2   
rs75993469      ,589,                ,1   ,2   
rs79443493      ,590,                ,1   ,2   
rs149569692     ,591,                ,1   ,2   
rs148331033     ,592,                ,1   ,2   
rs10423498      ,593,                ,1   ,2   
rs115499897     ,594,                ,1   ,2   
rs12461882      ,595,                ,1   ,2   
rs10415340      ,596,                ,1   ,2   
rs118028993     ,597,                ,1   ,2   
rs116872704     ,598,                ,1   ,2   
rs4897954       ,599,                ,1   ,2   
rs4897955       ,600,                ,1   ,2   
rs7254684       ,601,                ,1   ,2   
rs74746567      ,602,                ,1   ,2   
rs148175889     ,603,                ,1   ,2   
rs112301751     ,604,                ,1   ,2   
rs142990175     ,605,                ,1   ,2   
rs117039301     ,606,                ,1   ,2   
rs113537791     ,607,                ,1   ,2   
rs143987486     ,608,                ,1   ,2   
rs146462555     ,609,                ,1   ,2   
rs76903171      ,610,                ,1   ,2   
rs4897956       ,611,                ,1   ,2   
rs4897957       ,612,                ,1   ,2   
rs151325326     ,613,                ,1   ,2   
rs716702        ,614,                ,1   ,2   
rs7255752       ,615,                ,1   ,2   
rs11670930      ,616,                ,1   ,2   
rs79859128      ,617,                ,1   ,2   
rs151167191     ,618,                ,1   ,2   
rs186050891     ,619,                ,1   ,2   
rs191887206     ,620,                ,1   ,2   
rs12976337      ,621,                ,1   ,2   
rs187499607     ,622,                ,1   ,2   
rs190679685     ,623,                ,1   ,2   
rs35422782      ,624,                ,1   ,2   
rs185660459     ,625,                ,1   ,2   
rs34223856      ,626,                ,1   ,2   
rs77251319      ,627,                ,1   ,2   
rs12985964      ,628,                ,1   ,2   
rs193169966     ,629,                ,1   ,2   
rs12986018      ,630,                ,1   ,2   
rs112117448     ,631,                ,1   ,2   
rs111227629     ,632,                ,1   ,2   
rs112403823     ,633,                ,1   ,2   
rs112236524     ,634,                ,1   ,2   
rs113739665     ,635,                ,1   ,2   
rs3764656       ,636,                ,1   ,2   
rs145779146     ,637,                ,1   ,2   
rs77702114      ,638,                ,1   ,2   
rs143561658     ,639,                ,1   ,2   
rs11667575      ,640,                ,1   ,2   
rs4407176       ,641,                ,1   ,2   
rs73506541      ,642,                ,1   ,2   
rs112134523     ,643,                ,1   ,2   
rs73506543      ,644,                ,1   ,2   
rs113438119     ,645,                ,1   ,2   
rs73506546      ,646,                ,1   ,2   
rs7508262       ,647,                ,1   ,2   
rs7507374       ,648,                ,1   ,2   
rs111364229     ,649,                ,1   ,2   
rs35809223      ,650,                ,1   ,2   
rs35634354      ,651,                ,1   ,2   
rs35987658      ,652,                ,1   ,2   
rs117905131     ,653,                ,1   ,2   
rs186652375     ,654,                ,1   ,2   
rs116891054     ,655,                ,1   ,2   
rs117253777     ,656,                ,1   ,2   
rs75874901      ,657,                ,1   ,2   
rs11084999      ,658,                ,1   ,2   
rs62103757      ,659,                ,1   ,2   
rs192696585     ,660,                ,1   ,2   
rs8110744       ,661,                ,1   ,2   
rs111287209     ,662,                ,1   ,2   
rs113652098     ,663,                ,1   ,2   
rs8102212       ,664,                ,1   ,2   
rs141623551     ,665,                ,1   ,2   
rs112879946     ,666,                ,1   ,2   
rs147178339     ,667,                ,1   ,2   
rs8105905       ,668,                ,1   ,2   
rs144026868     ,669,                ,1   ,2   
rs113816968     ,670,                ,1   ,2   
rs185466313     ,671,                ,1   ,2   
rs8099907       ,672,                ,1   ,2   
rs632599        ,673,                ,1   ,2   
rs617479        ,674,                ,1   ,2   
rs618305        ,675,                ,1   ,2   
rs618409        ,676,                ,1   ,2   
rs74822321      ,677,                ,1   ,2   
rs78701651      ,678,                ,1   ,2   
rs8100629       ,679,                ,1   ,2   
rs662435        ,680,                ,1   ,2   
rs188174298     ,681,                ,1   ,2   
rs662901        ,682,                ,1   ,2   
rs662923        ,683,                ,1   ,2   
rs76391170      ,684,                ,1   ,2   
rs117158999     ,685,                ,1   ,2   
rs2441039       ,686,                ,1   ,2   
rs2441041       ,687,                ,1   ,2   
rs113727060     ,688,                ,1   ,2   
rs657745        ,689,                ,1   ,2   
rs658603        ,690,                ,1   ,2   
rs149039984     ,691,                ,1   ,2   
rs116841123     ,692,                ,1   ,2   
rs73506558      ,693,                ,1   ,2   
rs73506561      ,694,                ,1   ,2   
rs142736412     ,695,                ,1   ,2   
rs77932570      ,696,                ,1   ,2   
rs689396        ,697,                ,1   ,2   
rs689448        ,698,                ,1   ,2   
rs117888617     ,699,                ,1   ,2   
rs56272987      ,700,                ,1   ,2   
rs139402206     ,701,                ,1   ,2   
rs2278285       ,702,                ,1   ,2   
rs56170931      ,703,                ,1   ,2   
rs1020384       ,704,                ,1   ,2   
rs2278286       ,705,                ,1   ,2   
rs583307        ,706,                ,1   ,2   
rs118058603     ,707,                ,1   ,2   
rs10422863      ,708,                ,1   ,2   
rs117935266     ,709,                ,1   ,2   
rs585487        ,710,                ,1   ,2   
rs597763        ,711,                ,1   ,2   
rs184798201     ,712,                ,1   ,2   
rs688169        ,713,                ,1   ,2   
rs76143882      ,714,                ,1   ,2   
rs77527629      ,715,                ,1   ,2   
rs147759142     ,716,                ,1   ,2   
rs141237493     ,717,                ,1   ,2   
rs3795000       ,718,                ,1   ,2   
rs117154522     ,719,                ,1   ,2   
rs3795001       ,720,                ,1   ,2   
rs8108297       ,721,                ,1   ,2   
rs184666637     ,722,                ,1   ,2   
rs6510735       ,723,                ,1   ,2   
rs608177        ,724,                ,1   ,2   
rs192482918     ,725,                ,1   ,2   
rs117941995     ,726,                ,1   ,2   
rs1651875       ,727,                ,1   ,2   
rs12977860      ,728,                ,1   ,2   
rs144472348     ,729,                ,1   ,2   
rs10401538      ,730,                ,1   ,2   
rs34759969      ,731,                ,1   ,2   
rs4897960       ,732,                ,1   ,2   
rs71335238      ,733,                ,1   ,2   
rs12972498      ,734,                ,1   ,2   
rs34620061      ,735,                ,1   ,2   
rs34151049      ,736,                ,1   ,2   
rs55842270      ,737,                ,1   ,2   
x371194         ,738,                ,1   ,2   
rs644609        ,739,                ,1   ,2   
rs644644        ,740,                ,1   ,2   
rs3795002       ,741,                ,1   ,2   
rs35814112      ,742,                ,1   ,2   
rs34140649      ,743,                ,1   ,2   
rs117606744     ,744,                ,1   ,2   
rs652081        ,745,                ,1   ,2   
rs2303810       ,746,                ,1   ,2   
rs35119230      ,747,                ,1   ,2   
rs2303811       ,748,                ,1   ,2   
rs2303812       ,749,                ,1   ,2   
rs671915        ,750,                ,1   ,2   
rs2303813       ,751,                ,1   ,2   
rs117534721     ,752,                ,1   ,2   
rs117842907     ,753,                ,1   ,2   
rs185666427     ,754,                ,1   ,2   
rs2303814       ,755,                ,1   ,2   
rs149062342     ,756,                ,1   ,2   
rs74176336      ,757,                ,1   ,2   
rs668447        ,758,                ,1   ,2   
rs117982583     ,759,                ,1   ,2   
rs2303815       ,760,                ,1   ,2   
rs139022835     ,761,                ,1   ,2   
rs3815960       ,762,                ,1   ,2   
rs10410345      ,763,                ,1   ,2   
rs117564206     ,764,                ,1   ,2   
rs648770        ,765,                ,1   ,2   
rs76951864      ,766,                ,1   ,2   
rs11672890      ,767,                ,1   ,2   
rs35242441      ,768,                ,1   ,2   
rs77516165      ,769,                ,1   ,2   
rs35514562      ,770,                ,1   ,2   
rs73489982      ,771,                ,1   ,2   
rs61745664      ,772,                ,1   ,2   
rs1549697       ,773,                ,1   ,2   
rs10409341      ,774,                ,1   ,2   
rs114252367     ,775,                ,1   ,2   
rs72986498      ,776,                ,1   ,2   
rs3764571       ,777,                ,1   ,2   
rs3764572       ,778,                ,1   ,2   
rs4897961       ,779,                ,1   ,2   
rs4897962       ,780,                ,1   ,2   
rs4897963       ,781,                ,1   ,2   
rs115971572     ,782,                ,1   ,2   
rs193089630     ,783,                ,1   ,2   
rs190247059     ,784,                ,1   ,2   
rs181797084     ,785,                ,1   ,2   
rs184978468     ,786,                ,1   ,2   
rs112411731     ,787,                ,1   ,2   
rs146306537     ,788,                ,1   ,2   
rs139164517     ,789,                ,1   ,2   
rs4897855       ,790,                ,1   ,2   
rs72986500      ,791,                ,1   ,2   
rs73489989      ,792,                ,1   ,2   
rs8103626       ,793,                ,1   ,2   
rs62101313      ,794,                ,1   ,2   
rs190551126     ,795,                ,1   ,2   
rs116943450     ,796,                ,1   ,2   
rs10414677      ,797,                ,1   ,2   
rs76957837      ,798,                ,1   ,2   
rs76314056      ,799,                ,1   ,2   
rs146367796     ,800,                ,1   ,2   
rs56855825      ,801,                ,1   ,2   
rs187403876     ,802,                ,1   ,2   
rs192254475     ,803,                ,1   ,2   
rs73489990      ,804,                ,1   ,2   
rs138656370     ,805,                ,1   ,2   
rs79020044      ,806,                ,1   ,2   
rs10415722      ,807,                ,1   ,2   
rs60741979      ,808,                ,1   ,2   
rs10415978      ,809,                ,1   ,2   
rs75071006      ,810,                ,1   ,2   
rs73489992      ,811,                ,1   ,2   
rs11880212      ,812,                ,1   ,2   
rs11881818      ,813,                ,1   ,2   
rs12462122      ,814,                ,1   ,2   
rs145435104     ,815,                ,1   ,2   
rs191069702     ,816,                ,1   ,2   
rs59372439      ,817,                ,1   ,2   
rs73916940      ,818,                ,1   ,2   
rs12151104      ,819,                ,1   ,2   
rs184056861     ,820,                ,1   ,2   
rs12151294      ,821,                ,1   ,2   
rs117112671     ,822,                ,1   ,2   
rs12151008      ,823,                ,1   ,2   
rs59327245      ,824,                ,1   ,2   
rs60937809      ,825,                ,1   ,2   
rs58235140      ,826,                ,1   ,2   
rs62101315      ,827,                ,1   ,2   
rs56791315      ,828,                ,1   ,2   
rs59634973      ,829,                ,1   ,2   
rs60064731      ,830,                ,1   ,2   
rs59918010      ,831,                ,1   ,2   
rs117951732     ,832,                ,1   ,2   
rs61027856      ,833,                ,1   ,2   
rs57882484      ,834,                ,1   ,2   
rs57322571      ,835,                ,1   ,2   
rs72486321      ,836,                ,1   ,2   
rs111816487     ,837,                ,1   ,2   
rs62102068      ,838,                ,1   ,2   
rs146474839     ,839,                ,1   ,2   
rs185735762     ,840,                ,1   ,2   
rs10418875      ,841,                ,1   ,2   
rs58807776      ,842,                ,1   ,2   
rs148833805     ,843,                ,1   ,2   
rs143471058     ,844,                ,1   ,2   
rs56749387      ,845,                ,1   ,2   
rs10402843      ,846,                ,1   ,2   
rs57359100      ,847,                ,1   ,2   
rs181546217     ,848,                ,1   ,2   
rs185677648     ,849,                ,1   ,2   
rs60820516      ,850,                ,1   ,2   
rs56808276      ,851,                ,1   ,2   
rs148672157     ,852,                ,1   ,2   
rs149879984     ,853,                ,1   ,2   
rs56346350      ,854,                ,1   ,2   
rs111857853     ,855,                ,1   ,2   
rs56211114      ,856,                ,1   ,2   
rs55771428      ,857,                ,1   ,2   
rs118079654     ,858,                ,1   ,2   
rs1549698       ,859,                ,1   ,2   
rs55749078      ,860,                ,1   ,2   
rs182994439     ,861,                ,1   ,2   
rs73916946      ,862,                ,1   ,2   
rs111688272     ,863,                ,1   ,2   
rs148382247     ,864,                ,1   ,2   
rs113037183     ,865,                ,1   ,2   
rs62102071      ,866,                ,1   ,2   
rs62102072      ,867,                ,1   ,2   
rs12151365      ,868,                ,1   ,2   
rs113270666     ,869,                ,1   ,2   
rs187391418     ,870,                ,1   ,2   
rs193172627     ,871,                ,1   ,2   
rs144524516     ,872,                ,1   ,2   
rs148483422     ,873,                ,1   ,2   
rs12611418      ,874,                ,1   ,2   
rs78844440      ,875,                ,1   ,2   
rs118118384     ,876,                ,1   ,2   
rs10401597      ,877,                ,1   ,2   
rs62102073      ,878,                ,1   ,2   
rs72988410      ,879,                ,1   ,2   
rs72988412      ,880,                ,1   ,2   
rs72988413      ,881,                ,1   ,2   
rs62102074      ,882,                ,1   ,2   
rs62102075      ,883,                ,1   ,2   
rs62102076      ,884,                ,1   ,2   
rs148980393     ,885,                ,1   ,2   
rs139170796     ,886,                ,1   ,2   
rs145210052     ,887,                ,1   ,2   
rs112912797     ,888,                ,1   ,2   
rs79881403      ,889,                ,1   ,2   
rs111985047     ,890,                ,1   ,2   
rs112393920     ,891,                ,1   ,2   
rs59099379      ,892,                ,1   ,2   
rs4605301       ,893,                ,1   ,2   
rs3915789       ,894,                ,1   ,2   
rs111717971     ,895,                ,1   ,2   
rs12460171      ,896,                ,1   ,2   
rs8112422       ,897,                ,1   ,2   
rs11085014      ,898,                ,1   ,2   
rs4897965       ,899,                ,1   ,2   
rs4897966       ,900,                ,1   ,2   
rs72988419      ,901,                ,1   ,2   
rs4897967       ,902,                ,1   ,2   
rs4897968       ,903,                ,1   ,2   
rs4897969       ,904,                ,1   ,2   
rs138749313     ,905,                ,1   ,2   
rs117097900     ,906,                ,1   ,2   
rs4897970       ,907,                ,1   ,2   
rs59469850      ,908,                ,1   ,2   
rs114712723     ,909,                ,1   ,2   
rs148109921     ,910,                ,1   ,2   
rs28565066      ,911,                ,1   ,2   
rs72988421      ,912,                ,1   ,2   
rs116249071     ,913,                ,1   ,2   
rs72988423      ,914,                ,1   ,2   
rs10853965      ,915,                ,1   ,2   
rs28481589      ,916,                ,1   ,2   
rs10416941      ,917,                ,1   ,2   
rs55688232      ,918,                ,1   ,2   
rs78781142      ,919,                ,1   ,2   
rs80267158      ,920,                ,1   ,2   
rs10416684      ,921,                ,1   ,2   
rs55975726      ,922,                ,1   ,2   
rs114473282     ,923,                ,1   ,2   
rs74650333      ,924,                ,1   ,2   
rs150394100     ,925,                ,1   ,2   
rs75251831      ,926,                ,1   ,2   
rs117918977     ,927,                ,1   ,2   
rs10418459      ,928,                ,1   ,2   
rs8106686       ,929,                ,1   ,2   
rs8112127       ,930,                ,1   ,2   
rs8112253       ,931,                ,1   ,2   
rs8101784       ,932,                ,1   ,2   
rs8101984       ,933,                ,1   ,2   
rs145977862     ,934,                ,1   ,2   
rs192887066     ,935,                ,1   ,2   
rs146213052     ,936,                ,1   ,2   
rs185477768     ,937,                ,1   ,2   
rs142801048     ,938,                ,1   ,2   
rs147657079     ,939,                ,1   ,2   
rs142337300     ,940,                ,1   ,2   
rs146606579     ,941,                ,1   ,2   
rs181804646     ,942,                ,1   ,2   
rs184985234     ,943,                ,1   ,2   
rs188184822     ,944,                ,1   ,2   
rs138549760     ,945,                ,1   ,2   
rs191605024     ,946,                ,1   ,2   
rs181282318     ,947,                ,1   ,2   
rs139415998     ,948,                ,1   ,2   
rs150072357     ,949,                ,1   ,2   
rs147744611     ,950,                ,1   ,2   
rs62102079      ,951,                ,1   ,2   
rs62102080      ,952,                ,1   ,2   
rs73501938      ,953,                ,1   ,2   
rs183143509     ,954,                ,1   ,2   
rs62102081      ,955,                ,1   ,2   
rs62102082      ,956,                ,1   ,2   
rs62102083      ,957,                ,1   ,2   
rs117965379     ,958,                ,1   ,2   
rs3844536       ,959,                ,1   ,2   
rs7408940       ,960,                ,1   ,2   
rs72988434      ,961,                ,1   ,2   
rs137984674     ,962,                ,1   ,2   
rs4897971       ,963,                ,1   ,2   
rs116920706     ,964,                ,1   ,2   
rs7343106       ,965,                ,1   ,2   
rs17672491      ,966,                ,1   ,2   
rs6510752       ,967,                ,1   ,2   
rs73501942      ,968,                ,1   ,2   
rs3926400       ,969,                ,1   ,2   
rs3926399       ,970,                ,1   ,2   
rs9710605       ,971,                ,1   ,2   
rs62102084      ,972,                ,1   ,2   
rs62102085      ,973,                ,1   ,2   
rs4897856       ,974,                ,1   ,2   
rs4897857       ,975,                ,1   ,2   
rs117403574     ,976,                ,1   ,2   
rs73501946      ,977,                ,1   ,2   
rs118185404     ,978,                ,1   ,2   
rs1465449       ,979,                ,1   ,2   
rs118063585     ,980,                ,1   ,2   
rs183248035     ,981,                ,1   ,2   
rs112691873     ,982,                ,1   ,2   
rs116906252     ,983,                ,1   ,2   
rs145234428     ,984,                ,1   ,2   
rs149095476     ,985,                ,1   ,2   
rs190848504     ,986,                ,1   ,2   
rs144743175     ,987,                ,1   ,2   
rs183169964     ,988,                ,1   ,2   
rs11670588      ,989,                ,1   ,2   
rs74366981      ,990,                ,1   ,2   
rs28449862      ,991,                ,1   ,2   
rs192107616     ,992,                ,1   ,2   
rs183189417     ,993,                ,1   ,2   
rs187518560     ,994,                ,1   ,2   
rs62102086      ,995,                ,1   ,2   
rs62102087      ,996,                ,1   ,2   
rs150121693     ,997,                ,1   ,2   
rs73916961      ,998,                ,1   ,2   
rs73916962      ,999,                ,1   ,2   
rs12983580      ,1000,                ,1   ,2   
